{
  "RSpec": {
    "coverage": {
      "/Users/aschiavini/Documents/codice_elf0/combined_uniqueness_validator/lib/combined_uniqueness_validator.rb": [
        1,
        1,
        null,
        1,
        null,
        1,
        1,
        1,
        null,
        null,
        1,
        2,
        2,
        4,
        null,
        2,
        null,
        null,
        null,
        null
      ],
      "/Users/aschiavini/Documents/codice_elf0/combined_uniqueness_validator/lib/active_model/validations/helper_methods.rb": [
        1,
        1,
        1,
        null,
        1,
        1,
        null,
        null,
        null,
        null,
        null
      ]
    },
    "timestamp": 1337956628
  }
}
